<?xml version="1.0" encoding="UTF-8"?>
<!-- Generated by org.testng.reporters.JUnitReportReporter -->
<testsuite hostname="RESHMA" failures="0" tests="4" name="in.amazon.Giftcard" time="11.953" errors="0" timestamp="2024-09-20T11:00:16 IST" skipped="0">
  <testcase classname="in.amazon.Giftcard" name="loginapp" time="5.113"/>
  <testcase classname="in.amazon.Giftcard" name="search" time="6.228"/>
  <testcase classname="in.amazon.Giftcard" name="findinfmobiles" time="0.366"/>
  <testcase classname="in.amazon.Giftcard" name="priceofparticular" time="0.246"/>
</testsuite> <!-- in.amazon.Giftcard -->
