<?xml version="1.0" encoding="UTF-8"?>
<!-- Generated by org.testng.reporters.JUnitReportReporter -->
<testsuite hostname="RESHMA" failures="0" tests="4" name="in.amazon.Index" time="9.495" errors="0" timestamp="2024-09-20T11:00:16 IST" skipped="0">
  <testcase classname="in.amazon.Index" name="loginapp" time="3.889"/>
  <testcase classname="in.amazon.Index" name="search" time="4.948"/>
  <testcase classname="in.amazon.Index" name="findinfmobiles" time="0.231"/>
  <testcase classname="in.amazon.Index" name="priceofparticular" time="0.427"/>
</testsuite> <!-- in.amazon.Index -->
